This file contains any messages produced by compilers while
running configure, to aid debugging if configure makes a mistake.

It was created by configure, which was
generated by GNU Autoconf 2.53.  Invocation command line was

  $ ./configure 

## --------- ##
## Platform. ##
## --------- ##

hostname = S01060080c8f879e3.wp.shawcable.net
uname -m = i386
uname -r = 2
uname -s = OS/2
uname -v = 2.45

/usr/bin/uname -p = unknown
/bin/uname -X     = unknown

/bin/arch              = unknown
/usr/bin/arch -k       = unknown
/usr/convex/getsysinfo = unknown
hostinfo               = unknown
/bin/machine           = unknown
/usr/bin/oslevel       = unknown
/bin/universe          = unknown

PATH: M:\dev\gcc\v3.2.2\usr\i386-pc-os2-emx\bin
PATH: M:\dev\gcc\v3.2.2\usr\bin
PATH: H:\OS2\APPS\bin
PATH: .
PATH: H:\IBMLAN\NETPROG
PATH: H:\MPTN\BIN
PATH: H:\IBMCOM
PATH: H:\os2tk45\som\common
PATH: H:\os2tk45\som\bin
PATH: H:\os2tk45\bin
PATH: H:\VQ2\PATH
PATH: H:\MUGLIB
PATH: H:\NETSCAPE\PROGRAM
PATH: H:\IBMGSK50\BIN
PATH: H:\IBMGSK40\BIN
PATH: H:\IBMGSK\BIN
PATH: H:\TCPIP\BIN
PATH: H:\OS2
PATH: H:\OS2\SYSTEM
PATH: H:\OS2\MDOS\WINOS2
PATH: H:\OS2\INSTALL
PATH: H:\
PATH: H:\OS2\MDOS
PATH: H:\OS2\APPS
PATH: H:\JAVA11\BIN
PATH: H:\JAVA11\ICATJAVA\BIN
PATH: H:\MMOS2
PATH: H:\IBMINST
PATH: H:\EMX\BIN
PATH: H:\GPFREXX\BIN
PATH: H:\SQLLIB\BIN
PATH: H:\SQLLIB\ALT
PATH: H:\NETQOS2
PATH: D:\PROCVS\CVS\BIN
PATH: H:\NDFS
PATH: H:\CDWFS
PATH: M:\XDS\BIN
PATH: h:\ae
PATH: H:\IBMCOBOL\BIN
PATH: H:\IBMCOBOL\HELP
PATH: m:\usr\bin
PATH: M:\Toolkit\Beta\Bin
PATH: H:\watcom\binp
PATH: H:\watcom\binw
PATH: H:\Office51


## ----------- ##
## Core tests. ##
## ----------- ##

configure:1303: creating cache /dev/null
configure:1419: checking for a BSD-compatible install
configure:1473: result: config/install-sh -c
configure:1484: checking whether build environment is sane
configure:1527: result: yes
configure:1542: checking whether make sets ${MAKE}
configure:1566: result: no
configure:1594: checking for working aclocal
configure:1601: result: found
configure:1609: checking for working autoconf
configure:1616: result: found
configure:1624: checking for working automake
configure:1631: result: found
configure:1639: checking for working autoheader
configure:1646: result: found
configure:1654: checking for working makeinfo
configure:1665: result: missing
configure:1672: checking location of OpenSP include files
configure:1713: checking for NONE/include/OpenSP
configure:1728: result: no
configure:1713: checking for /usr/local/include/OpenSP
configure:1728: result: yes
configure:1751: checking location of OpenSP Library
configure:1767: result: /usr/local/lib
configure:1782: checking build system type
configure:1800: result: i386-pc-os2-emx
configure:1808: checking host system type
configure:1822: result: i386-pc-os2-emx
configure:1887: checking for gcc
configure:1913: result: wcl386
configure:2157: checking for C compiler version
configure:2160: wcl386 --version </dev/null >&5
Open Watcom C/C++32 Compile and Link Utility Version 1.3
Portions Copyright (c) 1988-2002 Sybase, Inc. All Rights Reserved.
Source code is available under the Sybase Open Watcom Public License.
See http://www.openwatcom.org/ for details.
configure:2163: $? = 0
configure:2165: wcl386 -v </dev/null >&5
Open Watcom C/C++32 Compile and Link Utility Version 1.3
Portions Copyright (c) 1988-2002 Sybase, Inc. All Rights Reserved.
Source code is available under the Sybase Open Watcom Public License.
See http://www.openwatcom.org/ for details.
configure:2168: $? = 0
configure:2170: wcl386 -V </dev/null >&5
Open Watcom C/C++32 Compile and Link Utility Version 1.3
Portions Copyright (c) 1988-2002 Sybase, Inc. All Rights Reserved.
Source code is available under the Sybase Open Watcom Public License.
See http://www.openwatcom.org/ for details.
configure:2173: $? = 0
configure:2199: checking for C compiler default output
configure:2202: wcl386    conftest.c  >&5
Open Watcom C/C++32 Compile and Link Utility Version 1.3
Portions Copyright (c) 1988-2002 Sybase, Inc. All Rights Reserved.
Source code is available under the Sybase Open Watcom Public License.
See http://www.openwatcom.org/ for details.
       wcc386 conftest.c 
Open Watcom C32 Optimizing Compiler Version 1.3
Portions Copyright (c) 1984-2002 Sybase, Inc. All Rights Reserved.
Source code is available under the Sybase Open Watcom Public License.
See http://www.openwatcom.org/ for details.
conftest.c: 2191 lines, included 8, 0 warnings, 0 errors
Code size: 13

Open Watcom Linker Version 1.3
Portions Copyright (c) 1985-2002 Sybase, Inc. All Rights Reserved.
Source code is available under the Sybase Open Watcom Public License.
See http://www.openwatcom.org/ for details.
Warning! W1115: file wlink.lnk: line(16): environment name watcom not found
Error! E2093: file wlink.lnk: line(16): cannot open \binw\wlsystem.lnk
Error: Linker returned a bad statusconfigure:2205: $? = 1
configure: failed program was:
#line 2177 "configure"
#include "confdefs.h"

#ifdef F77_DUMMY_MAIN
#  ifdef __cplusplus
     extern "C"
#  endif
   int F77_DUMMY_MAIN() { return 1; }
#endif
int
main ()
{

  ;
  return 0;
}
configure:2232: error: C compiler cannot create executables

## ---------------- ##
## Cache variables. ##
## ---------------- ##

ac_cv_env_CXXFLAGS_value=''
ac_cv_env_CXXCPP_set=''
ac_cv_env_LDFLAGS_set=''
ac_cv_env_CFLAGS_set=''
ac_cv_env_CPP_value=''
ac_cv_env_CPPFLAGS_set=''
ac_cv_env_CXX_set=''
ac_cv_env_host_alias_set=''
lt_cv_sys_path_separator=':'
ac_cv_env_build_alias_set=''
ac_cv_file_NONE_include_OpenSP='no'
ac_cv_env_CXXCPP_value=''
ac_cv_env_LDFLAGS_value=''
ac_cv_env_target_alias_set=''
ac_cv_host_alias='i386-pc-os2-emx'
ac_cv_env_CFLAGS_value=''
ac_cv_env_CC_set='set'
ac_cv_prog_make_make_set='no'
ac_cv_build_alias='i386-pc-os2-emx'
ac_cv_env_CPPFLAGS_value=''
ac_cv_env_CXXFLAGS_set=''
ac_cv_env_CXX_value=''
ac_cv_host='i386-pc-os2-emx'
ac_cv_env_host_alias_value=''
ac_cv_build='i386-pc-os2-emx'
ac_cv_env_build_alias_value=''
ac_cv_prog_ac_ct_CC='wcl386'
ac_cv_file__usr_local_include_OpenSP='yes'
ac_cv_env_target_alias_value=''
ac_cv_env_CC_value='wcl386'
ac_cv_env_CPP_set=''

## ----------- ##
## confdefs.h. ##
## ----------- ##

#define PACKAGE_NAME ""
#define PACKAGE_TARNAME ""
#define PACKAGE_VERSION ""
#define PACKAGE_STRING ""
#define PACKAGE_BUGREPORT ""
#define PACKAGE "openjade"
#define VERSION "1.3.3-pre1"

configure: exit 77
